# JRE version: OpenJDK Runtime Environment Temurin-21.0.9+10 (21.0.9+10) (build 21.0.9+10-LTS)
# Java VM: OpenJDK 64-Bit Server VM Temurin-21.0.9+10 (21.0.9+10-LTS, mixed mode, sharing, tiered, compressed oops, compressed class ptrs, parallel gc, windows-amd64)
GC Precious Log:
 CardTable entry size: 512
 CPUs: 8 total, 8 available
 Memory: 16086M
 Large Page Support: Disabled
 NUMA Support: Disabled
 Compressed Oops: Enabled (32-bit)
 Alignments: Space 512K, Generation 512K, Heap 2M
 Heap Min Capacity: 100M
 Heap Initial Capacity: 100M
 Heap Max Capacity: 2G
 Pre-touch: Disabled
 Parallel Workers: 8
Heap:
 PSYoungGen      total 16896K, used 7740K [0x00000000d5580000, 0x00000000d6700000, 0x0000000100000000)
  eden space 15872K, 43% used [0x00000000d5580000,0x00000000d5c4a838,0x00000000d6500000)
  from space 1024K, 76% used [0x00000000d6500000,0x00000000d65c4818,0x00000000d6600000)
  to   space 1024K, 0% used [0x00000000d6600000,0x00000000d6600000,0x00000000d6700000)
 ParOldGen       total 77824K, used 66041K [0x0000000080000000, 0x0000000084c00000, 0x00000000d5580000)
  object space 77824K, 84% used [0x0000000080000000,0x000000008407e7a8,0x0000000084c00000)
 Metaspace       used 69602K, committed 71168K, reserved 1114112K
  class space    used 7433K, committed 8064K, reserved 1048576K
GC Heap History (20 events):
Event: 57.349 GC heap before
{Heap before GC invocations=64 (full 3):
 PSYoungGen      total 19456K, used 19448K [0x00000000d5580000, 0x00000000d7380000, 0x0000000100000000)
  eden space 18432K, 100% used [0x00000000d5580000,0x00000000d6780000,0x00000000d6780000)
  from space 1024K, 99% used [0x00000000d6c00000,0x00000000d6cfe000,0x00000000d6d00000)
  to   space 4608K, 0% used [0x00000000d6780000,0x00000000d6780000,0x00000000d6c00000)
 ParOldGen       total 77824K, used 55596K [0x0000000080000000, 0x0000000084c00000, 0x00000000d5580000)
  object space 77824K, 71% used [0x0000000080000000,0x000000008364b310,0x0000000084c00000)
 Metaspace       used 63518K, committed 65024K, reserved 1114112K
  class space    used 6779K, committed 7424K, reserved 1048576K
}
Event: 57.350 GC heap after
{Heap after GC invocations=64 (full 3):
 PSYoungGen      total 20992K, used 2079K [0x00000000d5580000, 0x00000000d6d80000, 0x0000000100000000)
  eden space 18432K, 0% used [0x00000000d5580000,0x00000000d5580000,0x00000000d6780000)
  from space 2560K, 81% used [0x00000000d6780000,0x00000000d6987c80,0x00000000d6a00000)
  to   space 3072K, 0% used [0x00000000d6a80000,0x00000000d6a80000,0x00000000d6d80000)
 ParOldGen       total 77824K, used 56398K [0x0000000080000000, 0x0000000084c00000, 0x00000000d5580000)
  object space 77824K, 72% used [0x0000000080000000,0x00000000837139d8,0x0000000084c00000)
 Metaspace       used 63518K, committed 65024K, reserved 1114112K
  class space    used 6779K, committed 7424K, reserved 1048576K
}
Event: 57.400 GC heap before
{Heap before GC invocations=65 (full 3):
 PSYoungGen      total 20992K, used 20511K [0x00000000d5580000, 0x00000000d6d80000, 0x0000000100000000)
  eden space 18432K, 100% used [0x00000000d5580000,0x00000000d6780000,0x00000000d6780000)
  from space 2560K, 81% used [0x00000000d6780000,0x00000000d6987c80,0x00000000d6a00000)
  to   space 3072K, 0% used [0x00000000d6a80000,0x00000000d6a80000,0x00000000d6d80000)
 ParOldGen       total 77824K, used 56398K [0x0000000080000000, 0x0000000084c00000, 0x00000000d5580000)
  object space 77824K, 72% used [0x0000000080000000,0x00000000837139d8,0x0000000084c00000)
 Metaspace       used 63530K, committed 65024K, reserved 1114112K
  class space    used 6779K, committed 7424K, reserved 1048576K
}
Event: 57.401 GC heap after
{Heap after GC invocations=65 (full 3):
 PSYoungGen      total 19968K, used 1222K [0x00000000d5580000, 0x00000000d6c00000, 0x0000000100000000)
  eden space 18432K, 0% used [0x00000000d5580000,0x00000000d5580000,0x00000000d6780000)
  from space 1536K, 79% used [0x00000000d6a80000,0x00000000d6bb1a20,0x00000000d6c00000)
  to   space 2048K, 0% used [0x00000000d6800000,0x00000000d6800000,0x00000000d6a00000)
 ParOldGen       total 77824K, used 57573K [0x0000000080000000, 0x0000000084c00000, 0x00000000d5580000)
  object space 77824K, 73% used [0x0000000080000000,0x00000000838395a0,0x0000000084c00000)
 Metaspace       used 63530K, committed 65024K, reserved 1114112K
  class space    used 6779K, committed 7424K, reserved 1048576K
}
Event: 57.807 GC heap before
{Heap before GC invocations=66 (full 3):
 PSYoungGen      total 19968K, used 19654K [0x00000000d5580000, 0x00000000d6c00000, 0x0000000100000000)
  eden space 18432K, 100% used [0x00000000d5580000,0x00000000d6780000,0x00000000d6780000)
  from space 1536K, 79% used [0x00000000d6a80000,0x00000000d6bb1a20,0x00000000d6c00000)
  to   space 2048K, 0% used [0x00000000d6800000,0x00000000d6800000,0x00000000d6a00000)
 ParOldGen       total 77824K, used 57573K [0x0000000080000000, 0x0000000084c00000, 0x00000000d5580000)
  object space 77824K, 73% used [0x0000000080000000,0x00000000838395a0,0x0000000084c00000)
 Metaspace       used 65666K, committed 67200K, reserved 1114112K
  class space    used 6981K, committed 7616K, reserved 1048576K
}
Event: 57.809 GC heap after
{Heap after GC invocations=66 (full 3):
 PSYoungGen      total 19968K, used 1283K [0x00000000d5580000, 0x00000000d6b00000, 0x0000000100000000)
  eden space 18432K, 0% used [0x00000000d5580000,0x00000000d5580000,0x00000000d6780000)
  from space 1536K, 83% used [0x00000000d6800000,0x00000000d6940e78,0x00000000d6980000)
  to   space 1536K, 0% used [0x00000000d6980000,0x00000000d6980000,0x00000000d6b00000)
 ParOldGen       total 77824K, used 57589K [0x0000000080000000, 0x0000000084c00000, 0x00000000d5580000)
  object space 77824K, 73% used [0x0000000080000000,0x000000008383d5a0,0x0000000084c00000)
 Metaspace       used 65666K, committed 67200K, reserved 1114112K
  class space    used 6981K, committed 7616K, reserved 1048576K
}
Event: 58.231 GC heap before
{Heap before GC invocations=67 (full 3):
 PSYoungGen      total 19968K, used 19398K [0x00000000d5580000, 0x00000000d6b00000, 0x0000000100000000)
  eden space 18432K, 98% used [0x00000000d5580000,0x00000000d67309d8,0x00000000d6780000)
  from space 1536K, 83% used [0x00000000d6800000,0x00000000d6940e78,0x00000000d6980000)
  to   space 1536K, 0% used [0x00000000d6980000,0x00000000d6980000,0x00000000d6b00000)
 ParOldGen       total 77824K, used 57589K [0x0000000080000000, 0x0000000084c00000, 0x00000000d5580000)
  object space 77824K, 73% used [0x0000000080000000,0x000000008383d5a0,0x0000000084c00000)
 Metaspace       used 66624K, committed 68096K, reserved 1114112K
  class space    used 7067K, committed 7680K, reserved 1048576K
}
Event: 58.234 GC heap after
{Heap after GC invocations=67 (full 3):
 PSYoungGen      total 17408K, used 1524K [0x00000000d5580000, 0x00000000d7080000, 0x0000000100000000)
  eden space 15872K, 0% used [0x00000000d5580000,0x00000000d5580000,0x00000000d6500000)
  from space 1536K, 99% used [0x00000000d6980000,0x00000000d6afd050,0x00000000d6b00000)
  to   space 4608K, 0% used [0x00000000d6500000,0x00000000d6500000,0x00000000d6980000)
 ParOldGen       total 77824K, used 59948K [0x0000000080000000, 0x0000000084c00000, 0x00000000d5580000)
  object space 77824K, 77% used [0x0000000080000000,0x0000000083a8b3d8,0x0000000084c00000)
 Metaspace       used 66624K, committed 68096K, reserved 1114112K
  class space    used 7067K, committed 7680K, reserved 1048576K
}
Event: 58.844 GC heap before
{Heap before GC invocations=68 (full 3):
 PSYoungGen      total 17408K, used 17396K [0x00000000d5580000, 0x00000000d7080000, 0x0000000100000000)
  eden space 15872K, 100% used [0x00000000d5580000,0x00000000d6500000,0x00000000d6500000)
  from space 1536K, 99% used [0x00000000d6980000,0x00000000d6afd050,0x00000000d6b00000)
  to   space 4608K, 0% used [0x00000000d6500000,0x00000000d6500000,0x00000000d6980000)
 ParOldGen       total 77824K, used 59948K [0x0000000080000000, 0x0000000084c00000, 0x00000000d5580000)
  object space 77824K, 77% used [0x0000000080000000,0x0000000083a8b3d8,0x0000000084c00000)
 Metaspace       used 66856K, committed 68288K, reserved 1114112K
  class space    used 7103K, committed 7744K, reserved 1048576K
}
Event: 58.847 GC heap after
{Heap after GC invocations=68 (full 3):
 PSYoungGen      total 17408K, used 1206K [0x00000000d5580000, 0x00000000d6a00000, 0x0000000100000000)
  eden space 15872K, 0% used [0x00000000d5580000,0x00000000d5580000,0x00000000d6500000)
  from space 1536K, 78% used [0x00000000d6500000,0x00000000d662db40,0x00000000d6680000)
  to   space 2560K, 0% used [0x00000000d6780000,0x00000000d6780000,0x00000000d6a00000)
 ParOldGen       total 77824K, used 61290K [0x0000000080000000, 0x0000000084c00000, 0x00000000d5580000)
  object space 77824K, 78% used [0x0000000080000000,0x0000000083bda810,0x0000000084c00000)
 Metaspace       used 66856K, committed 68288K, reserved 1114112K
  class space    used 7103K, committed 7744K, reserved 1048576K
}
Event: 59.482 GC heap before
{Heap before GC invocations=69 (full 3):
 PSYoungGen      total 17408K, used 17078K [0x00000000d5580000, 0x00000000d6a00000, 0x0000000100000000)
  eden space 15872K, 100% used [0x00000000d5580000,0x00000000d6500000,0x00000000d6500000)
  from space 1536K, 78% used [0x00000000d6500000,0x00000000d662db40,0x00000000d6680000)
  to   space 2560K, 0% used [0x00000000d6780000,0x00000000d6780000,0x00000000d6a00000)
 ParOldGen       total 77824K, used 61290K [0x0000000080000000, 0x0000000084c00000, 0x00000000d5580000)
  object space 77824K, 78% used [0x0000000080000000,0x0000000083bda810,0x0000000084c00000)
 Metaspace       used 67328K, committed 68864K, reserved 1114112K
  class space    used 7165K, committed 7808K, reserved 1048576K
}
Event: 59.484 GC heap after
{Heap after GC invocations=69 (full 3):
 PSYoungGen      total 17408K, used 1088K [0x00000000d5580000, 0x00000000d6900000, 0x0000000100000000)
  eden space 15872K, 0% used [0x00000000d5580000,0x00000000d5580000,0x00000000d6500000)
  from space 1536K, 70% used [0x00000000d6780000,0x00000000d6890000,0x00000000d6900000)
  to   space 1536K, 0% used [0x00000000d6500000,0x00000000d6500000,0x00000000d6680000)
 ParOldGen       total 77824K, used 62246K [0x0000000080000000, 0x0000000084c00000, 0x00000000d5580000)
  object space 77824K, 79% used [0x0000000080000000,0x0000000083cc9820,0x0000000084c00000)
 Metaspace       used 67328K, committed 68864K, reserved 1114112K
  class space    used 7165K, committed 7808K, reserved 1048576K
}
Event: 59.878 GC heap before
{Heap before GC invocations=70 (full 3):
 PSYoungGen      total 17408K, used 16951K [0x00000000d5580000, 0x00000000d6900000, 0x0000000100000000)
  eden space 15872K, 99% used [0x00000000d5580000,0x00000000d64fde10,0x00000000d6500000)
  from space 1536K, 70% used [0x00000000d6780000,0x00000000d6890000,0x00000000d6900000)
  to   space 1536K, 0% used [0x00000000d6500000,0x00000000d6500000,0x00000000d6680000)
 ParOldGen       total 77824K, used 62246K [0x0000000080000000, 0x0000000084c00000, 0x00000000d5580000)
  object space 77824K, 79% used [0x0000000080000000,0x0000000083cc9820,0x0000000084c00000)
 Metaspace       used 68625K, committed 70080K, reserved 1114112K
  class space    used 7338K, committed 7936K, reserved 1048576K
}
Event: 59.881 GC heap after
{Heap after GC invocations=70 (full 3):
 PSYoungGen      total 17408K, used 949K [0x00000000d5580000, 0x00000000d6800000, 0x0000000100000000)
  eden space 15872K, 0% used [0x00000000d5580000,0x00000000d5580000,0x00000000d6500000)
  from space 1536K, 61% used [0x00000000d6500000,0x00000000d65ed460,0x00000000d6680000)
  to   space 1536K, 0% used [0x00000000d6680000,0x00000000d6680000,0x00000000d6800000)
 ParOldGen       total 77824K, used 63147K [0x0000000080000000, 0x0000000084c00000, 0x00000000d5580000)
  object space 77824K, 81% used [0x0000000080000000,0x0000000083daaf48,0x0000000084c00000)
 Metaspace       used 68625K, committed 70080K, reserved 1114112K
  class space    used 7338K, committed 7936K, reserved 1048576K
}
Event: 25923.415 GC heap before
{Heap before GC invocations=71 (full 3):
 PSYoungGen      total 17408K, used 16820K [0x00000000d5580000, 0x00000000d6800000, 0x0000000100000000)
  eden space 15872K, 99% used [0x00000000d5580000,0x00000000d64ffbc8,0x00000000d6500000)
  from space 1536K, 61% used [0x00000000d6500000,0x00000000d65ed460,0x00000000d6680000)
  to   space 1536K, 0% used [0x00000000d6680000,0x00000000d6680000,0x00000000d6800000)
 ParOldGen       total 77824K, used 63147K [0x0000000080000000, 0x0000000084c00000, 0x00000000d5580000)
  object space 77824K, 81% used [0x0000000080000000,0x0000000083daaf48,0x0000000084c00000)
 Metaspace       used 69599K, committed 71168K, reserved 1114112K
  class space    used 7433K, committed 8064K, reserved 1048576K
}
Event: 25923.462 GC heap after
{Heap after GC invocations=71 (full 3):
 PSYoungGen      total 16896K, used 821K [0x00000000d5580000, 0x00000000d6780000, 0x0000000100000000)
  eden space 15872K, 0% used [0x00000000d5580000,0x00000000d5580000,0x00000000d6500000)
  from space 1024K, 80% used [0x00000000d6680000,0x00000000d674d6e0,0x00000000d6780000)
  to   space 1024K, 0% used [0x00000000d6580000,0x00000000d6580000,0x00000000d6680000)
 ParOldGen       total 77824K, used 63732K [0x0000000080000000, 0x0000000084c00000, 0x00000000d5580000)
  object space 77824K, 81% used [0x0000000080000000,0x0000000083e3d240,0x0000000084c00000)
 Metaspace       used 69599K, committed 71168K, reserved 1114112K
  class space    used 7433K, committed 8064K, reserved 1048576K
}
Event: 25923.521 GC heap before
{Heap before GC invocations=72 (full 3):
 PSYoungGen      total 16896K, used 16693K [0x00000000d5580000, 0x00000000d6780000, 0x0000000100000000)
  eden space 15872K, 100% used [0x00000000d5580000,0x00000000d6500000,0x00000000d6500000)
  from space 1024K, 80% used [0x00000000d6680000,0x00000000d674d6e0,0x00000000d6780000)
  to   space 1024K, 0% used [0x00000000d6580000,0x00000000d6580000,0x00000000d6680000)
 ParOldGen       total 77824K, used 63732K [0x0000000080000000, 0x0000000084c00000, 0x00000000d5580000)
  object space 77824K, 81% used [0x0000000080000000,0x0000000083e3d240,0x0000000084c00000)
 Metaspace       used 69599K, committed 71168K, reserved 1114112K
  class space    used 7433K, committed 8064K, reserved 1048576K
}
Event: 25923.524 GC heap after
{Heap after GC invocations=72 (full 3):
 PSYoungGen      total 16896K, used 1021K [0x00000000d5580000, 0x00000000d6780000, 0x0000000100000000)
  eden space 15872K, 0% used [0x00000000d5580000,0x00000000d5580000,0x00000000d6500000)
  from space 1024K, 99% used [0x00000000d6580000,0x00000000d667f460,0x00000000d6680000)
  to   space 1024K, 0% used [0x00000000d6680000,0x00000000d6680000,0x00000000d6780000)
 ParOldGen       total 77824K, used 64715K [0x0000000080000000, 0x0000000084c00000, 0x00000000d5580000)
  object space 77824K, 83% used [0x0000000080000000,0x0000000083f32f38,0x0000000084c00000)
 Metaspace       used 69599K, committed 71168K, reserved 1114112K
  class space    used 7433K, committed 8064K, reserved 1048576K
}
Event: 25923.545 GC heap before
{Heap before GC invocations=73 (full 3):
 PSYoungGen      total 16896K, used 16893K [0x00000000d5580000, 0x00000000d6780000, 0x0000000100000000)
  eden space 15872K, 100% used [0x00000000d5580000,0x00000000d6500000,0x00000000d6500000)
  from space 1024K, 99% used [0x00000000d6580000,0x00000000d667f460,0x00000000d6680000)
  to   space 1024K, 0% used [0x00000000d6680000,0x00000000d6680000,0x00000000d6780000)
 ParOldGen       total 77824K, used 64715K [0x0000000080000000, 0x0000000084c00000, 0x00000000d5580000)
  object space 77824K, 83% used [0x0000000080000000,0x0000000083f32f38,0x0000000084c00000)
 Metaspace       used 69599K, committed 71168K, reserved 1114112K
  class space    used 7433K, committed 8064K, reserved 1048576K
}
Event: 25923.549 GC heap after
{Heap after GC invocations=73 (full 3):
 PSYoungGen      total 16384K, used 416K [0x00000000d5580000, 0x00000000d6700000, 0x0000000100000000)
  eden space 15872K, 0% used [0x00000000d5580000,0x00000000d5580000,0x00000000d6500000)
  from space 512K, 81% used [0x00000000d6680000,0x00000000d66e8000,0x00000000d6700000)
  to   space 1024K, 0% used [0x00000000d6500000,0x00000000d6500000,0x00000000d6600000)
 ParOldGen       total 77824K, used 65705K [0x0000000080000000, 0x0000000084c00000, 0x00000000d5580000)
  object space 77824K, 84% used [0x0000000080000000,0x000000008402a7a8,0x0000000084c00000)
 Metaspace       used 69599K, committed 71168K, reserved 1114112K
  class space    used 7433K, committed 8064K, reserved 1048576K
}

